npm error code ERESOLVE
npm error ERESOLVE could not resolve
npm error
npm error While resolving: lucide-react-native@0.475.0
npm error Found: react@19.1.0
npm error node_modules/react
npm error   peerOptional react@"*" from @expo/devtools@0.1.7
npm error   node_modules/@expo/devtools
npm error     @expo/devtools@"0.1.7" from expo@54.0.12
npm error     node_modules/expo
npm error       peer expo@"*" from @expo/cli@54.0.10
npm error       node_modules/@expo/cli
npm error         @expo/cli@"54.0.10" from expo@54.0.12
npm error       25 more (@expo/metro-config, @expo/metro-runtime, ...)
npm error   peer react@"*" from @expo/metro-runtime@6.1.2
npm error   node_modules/@expo/metro-runtime
npm error     peerOptional @expo/metro-runtime@"*" from expo@54.0.12
npm error     @expo/metro-runtime@"^6.1.2" from expo-router@6.0.10
npm error     node_modules/expo-router
npm error       peerOptional expo-router@"*" from @expo/cli@54.0.10
npm error       node_modules/@expo/cli
npm error         @expo/cli@"54.0.10" from expo@54.0.12
npm error       1 more (the root project)
npm error   67 more (@expo/vector-icons, @radix-ui/react-collection, ...)
npm error
npm error Could not resolve dependency:
npm error peer react@"^16.5.1 || ^17.0.0 || ^18.0.0" from lucide-react-native@0.475.0
npm error node_modules/lucide-react-native
npm error   lucide-react-native@"^0.475.0" from the root project
npm error
npm error Conflicting peer dependency: react@18.3.1
npm error node_modules/react
npm error   peer react@"^16.5.1 || ^17.0.0 || ^18.0.0" from lucide-react-native@0.475.0
npm error   node_modules/lucide-react-native
npm error     lucide-react-native@"^0.475.0" from the root project
npm error
npm error Fix the upstream dependency conflict, or retry
npm error this command with --force or --legacy-peer-deps
npm error to accept an incorrect (and potentially broken) dependency resolution.
npm error
npm error
npm error For a full report see:
npm error /Users/nicoladebbia/.npm/_logs/2025-10-08T01_29_03_335Z-eresolve-report.txt
npm error A complete log of this run can be found in: /Users/nicoladebbia/.npm/_logs/2025-10-08T01_29_03_335Z-debug-0.log
